[10:23:01] [WARNING] Directory 'logs/' was missing!
[10:23:01] Console initialized...
[10:23:01] -----------------------------------------
[10:23:01] Steam Trading Bot
[10:23:01] Created By Azarus - azarus@gmail.com - v1.0 @2013
[10:23:01] -----------------------------------------
[10:23:01] [ERROR] No 'mods/' directory found. What now?
[10:23:10] Console initialized...
[10:23:10] -----------------------------------------
[10:23:10] Steam Trading Bot
[10:23:10] Created By Azarus - azarus@gmail.com - v1.0 @2013
[10:23:10] -----------------------------------------
[10:23:31] Console initialized...
[10:23:31] -----------------------------------------
[10:23:31] Steam Trading Bot
[10:23:31] Created By Azarus - azarus@gmail.com - v1.0 2013
[10:23:31] -----------------------------------------
[17:56:48] Console initialized...
[17:56:48] -----------------------------------------
[17:56:48] Steam Trading Bot
[17:56:48] Created By Azarus - azarus@gmail.com - v1.0 2013
[17:56:48] -----------------------------------------
[17:56:48] Loading plugins.
[17:57:26] Console initialized...
[17:57:26] -----------------------------------------
[17:57:26] Steam Trading Bot
[17:57:26] Created By Azarus - azarus@gmail.com - v1.0 2013
[17:57:26] -----------------------------------------
[17:57:26] Loading plugins.
[17:57:26] [WARNING] It was unable to load 'mods\Library.dll'
[17:57:26] [WARNING] 'mods\Library.pdb' is not a .dll file
[17:57:26] TestPlugin v1.0 loaded successfully.
[17:57:26] Plugin.dll
[17:57:26] [WARNING] 'mods\Plugin.pdb' is not a .dll file
